[2026-01-16 19:21:09] Starting Ralph - Max iterations: 6
[2026-01-16 19:21:09] Log file: D:\code\Github\battyejp\ralph-app\logs\ralph-2026-01-16-192109.log

=======================================================
  Ralph Iteration 1 of 6
=======================================================
There are still 2 stories with `passes: false` (US-005 and US-006). The next iteration will pick up US-005.

**Summary of US-004 completion:**

- **Implemented**: Toast notifications for CustomerForm component
- **Files changed**:
  - `src/frontend/src/components/CustomerForm.tsx` - Added useToast hook integration with success and error toasts
  - `src/frontend/src/components/CustomerForm.test.tsx` - Added mock for useToast and 6 new toast notification tests
- **Quality checks**:
  -  Build successful
  -  Lint passed (no warnings or errors)
  -  All 43 CustomerForm tests pass
  -  Coverage exceeds 80%: 97% statements, 80% branches, 90.47% functions, 96.8% lines
- **Commit**: `a73c5f5 feat: [US-004] - Add toast notifications to CustomerForm`
- **PRD updated**: US-004 marked as `passes: true`
- **Progress logged**: Added entry for US-004 to progress.txt
[2026-01-16 19:27:48] Iteration 1 complete. Continuing...

=======================================================
  Ralph Iteration 2 of 6
=======================================================
US-006 still has `passes: false`, so there are still stories to complete. 

**Summary of US-005 completion:**
- Created CreateCustomerDialog component with CustomerForm inside
- Added "Create Customer" button to the search page header with responsive layout
- Implemented success flow: modal closes and CustomerDetailsDialog opens with new customer
- Added 13 comprehensive unit tests with 100% code coverage
- Build and lint pass successfully
- Committed: `feat: [US-005] - Add Create Customer button and modal to search page`

Since US-006 still needs to be implemented (dedicated customer creation page at /customers/new), this iteration is complete. Another iteration will pick up US-006.
[2026-01-16 19:37:00] Iteration 2 complete. Continuing...

=======================================================
  Ralph Iteration 3 of 6
=======================================================
All 6 user stories have `passes: true`:
- US-001: true
- US-002: true
- US-003: true
- US-004: true
- US-005: true
- US-006: true

<promise>COMPLETE</promise>
[2026-01-16 19:45:13] Ralph completed all tasks!
[2026-01-16 19:45:13] Completed at iteration 3 of 6
