[2026-01-17 12:24:10] Starting Ralph - Max iterations: 6
[2026-01-17 12:24:10] Log file: D:\code\Github\battyejp\ralph-app\logs\ralph-2026-01-17-122410.log

=======================================================
  Ralph Iteration 1 of 6
=======================================================
Perfect! I've successfully completed US-004: Bulk Create Customer UI Dialog. Here's a summary of what was accomplished:

## Summary

**User Story Completed:** US-004 - Bulk Create Customer UI Dialog

**Implementation:**
- Created `GenerateCustomersDialog` component with full form validation
- Number input validates range (1-1000) with error messages for invalid values
- Validation triggers on blur, errors clear when user starts typing
- Generate button is disabled for invalid input or during loading
- Cancel button allows closing without action
- Component accepts `onSuccess` callback to notify parent of completion
- Displays loading state with "Creating X customers..." message
- Handles API errors gracefully with user-friendly messages

**Testing:**
- Created comprehensive test suite with 36 tests covering:
  - Dialog rendering and visibility
  - Input validation for all edge cases
  - Button states and loading behavior
  - Success and failure scenarios
  - Accessibility features
  - Edge cases (min/max values, negative numbers)
- All 289 frontend tests passing
- Frontend builds successfully with no TypeScript errors

**Key Learnings:**
- When mocking Jest modules, use partial mocks to preserve real classes like `ApiError`
- Number inputs ignore non-numeric text, resulting in empty string values
- Validation should trigger on blur to avoid showing errors while typing
- Use `findByText` for async assertions instead of `getByText` + `waitFor`

**Next Story:** US-005 - Integrate Bulk Create Dialog into Customer List Page (currently has `passes: false`)
[2026-01-17 12:35:02] Iteration 1 complete. Continuing...

=======================================================
  Ralph Iteration 2 of 6
=======================================================
Perfect! All 5 user stories (US-001 through US-005) have `passes: true`. 

## Summary

I have successfully completed **US-005: Integrate Bulk Create Dialog into Customer List Page**. Here's what was implemented:

### Key Features Implemented:
1. **Generate Random Customers Button** - Added to the customer list page header with outline variant to differentiate from primary actions
2. **Dialog Integration** - Integrated GenerateCustomersDialog component with proper state management
3. **Toast Notifications**:
   - Success: "Successfully created X customers"
   - Partial failure: "Created X customers. Y failed."
   - Error handling for refresh failures
4. **Automatic List Refresh** - Customer list refreshes automatically after successful bulk generation (only if a search was previously performed)
5. **Dialog Auto-Close** - Dialog closes automatically on completion (success or partial success)

### Quality Assurance:
-  All 301 frontend tests passing (12 new integration tests added)
-  Code coverage >80% across all files
-  Frontend build successful with no TypeScript errors
-  All acceptance criteria met

### Files Modified:
- `src/frontend/src/app/page.tsx` - Main page integration
- `src/frontend/src/app/page.test.tsx` - New comprehensive test suite
- `src/frontend/src/components/GenerateCustomersDialog.tsx` - Updated callback signature
- `src/frontend/src/components/GenerateCustomersDialog.test.tsx` - Updated tests

All changes have been committed to the `ralph/bulk-random-customer-creation` branch.

<promise>COMPLETE</promise>
[2026-01-17 12:44:42] Ralph completed all tasks!
[2026-01-17 12:44:42] Completed at iteration 2 of 6
