[2026-01-15 14:44:56] Starting Ralph - Max iterations: 1
[2026-01-15 14:44:56] Log file: C:\Users\batty\code\github\battyejp\ralph-app\logs\ralph-2026-01-15-144456.log

=======================================================
  Ralph Iteration 1 of 1
=======================================================
Excellent! US-008 is now complete. Let me check the PRD to see the status of remaining stories:

Looking at the PRD from earlier:
- US-001 through US-007: дЃр passes: true
- US-008: дЃр passes: true (just completed)
- US-009: дию passes: false (PUT update customer endpoint)
- US-010: дию passes: false (DELETE customer endpoint)
- US-011: дию passes: false (Configure Swagger API documentation)

Since there are still incomplete stories (US-009, US-010, US-011), I should not send the COMPLETE promise. The next iteration will pick up US-009 (highest priority incomplete story).

## Summary

I successfully implemented **US-008: Add sorting to customers list** with the following changes:

### Implementation Details:
- Added `sortBy` parameter supporting: name, email, createdAt
- Added `sortOrder` parameter supporting: asc, desc
- Default sort: CreatedAt descending (newest first)
- Sorting logic uses switch expression in repository
- Invalid sortBy values gracefully default to CreatedAt descending
- Sorting works correctly with pagination and filtering

### Files Changed:
- `CustomerApi/Repositories/ICustomerRepository.cs` - Added sorting parameters
- `CustomerApi/Repositories/CustomerRepository.cs` - Implemented sorting logic
- `CustomerApi/Controllers/CustomersController.cs` - Added sorting parameters to endpoint
- `CustomerApi.Tests/Controllers/CustomersControllerTests.cs` - Added 9 comprehensive sorting tests
- `CustomerApi.Tests/Repositories/CustomerRepositoryTests.cs` - Updated existing test

### Quality Metrics:
- дЃр All 121 tests passing
- дЃр 100% code coverage on relevant classes
- дЃр Build successful with no warnings/errors
- дЃр All acceptance criteria met

The implementation follows existing code patterns and maintains backward compatibility. Sorting parameters are optional and combine seamlessly with existing pagination and filtering features.
[2026-01-15 14:51:52] Iteration 1 complete. Continuing...
[2026-01-15 14:51:54] Ralph reached max iterations (1) without completing all tasks.
[2026-01-15 14:51:54] Check C:\Users\batty\code\github\battyejp\ralph-app\progress.txt for status.
[2026-01-15 14:51:54] Check C:\Users\batty\code\github\battyejp\ralph-app\logs\ralph-2026-01-15-144456.log for full log.
