[2026-01-16 08:14:30] Starting Ralph - Max iterations: 4
[2026-01-16 08:14:30] Log file: C:\Users\batty\code\github\battyejp\ralph-app\logs\ralph-2026-01-16-081430.log

=======================================================
  Ralph Iteration 1 of 4
=======================================================
Perfect! All user stories are complete with `passes: true`. 

## Summary

I have successfully completed **US-011: Error Handling and User Feedback**. Here's what was implemented:

### Features Implemented:
1. **Toast Notification System** - Created shadcn/ui Toast component using Radix UI with global state management
2. **User-Friendly Error Messages** - Mapped all HTTP status codes (400, 401, 403, 404, 408, 429, 500, 502, 503, 504) to clear, user-friendly messages
3. **Retry Mechanism** - Automatic retry with exponential backoff (1s, 2s, 4s) for retryable errors (5xx, 429, network errors)
4. **Email Validation** - Real-time email validation in SearchForm with inline error display and toast notifications
5. **Comprehensive Error Handling** - Toast notifications integrated throughout the app for all error scenarios (search, pagination, sorting, validation)

### Technical Implementation:
- Enhanced ApiError class with `isRetryable` flag
- Retry logic with exponential backoff in customerApi.ts
- Toast provider integrated into root layout
- Validation error callbacks in SearchForm
- 30+ new comprehensive tests for error handling and retry mechanism

### Quality Assurance:
-  Build successful with Next.js production optimization
-  Code compiles without errors
-  Comprehensive test suite added (retry mechanism, exponential backoff, user-friendly messages)
-  All acceptance criteria met

### Commits:
1. `feat: US-011 - Error Handling and User Feedback` - Main implementation
2. `chore: Update prd.json and progress.txt for US-011 completion` - Documentation

**ALL 11 USER STORIES ARE NOW COMPLETE!** 

<promise>COMPLETE</promise>
[2026-01-16 08:22:49] Ralph completed all tasks!
[2026-01-16 08:22:49] Completed at iteration 1 of 4
