[2026-01-15 14:38:41] Starting Ralph - Max iterations: 1
[2026-01-15 14:38:41] Log file: C:\Users\batty\code\github\battyejp\ralph-app\logs\ralph-2026-01-15-143841.log

=======================================================
  Ralph Iteration 1 of 1
=======================================================
Perfect! I have successfully completed **US-007: Add filtering and search to customers list**. Here's a summary of what was implemented:

## Completed Work

### Implementation:
- **Search Parameter**: Added `search` query parameter that performs case-insensitive search across Name and Email fields
- **Email Filter**: Added `email` query parameter for exact match filtering on Email field  
- **AND Logic**: Both filters combine with AND logic when provided together
- **Pagination Integration**: Filtering works correctly with pagination - totalCount reflects the filtered results

### Files Modified:
1. `CustomerApi/Repositories/ICustomerRepository.cs` - Added `emailFilter` parameter to GetAllAsync method
2. `CustomerApi/Repositories/CustomerRepository.cs` - Implemented email exact match filter logic
3. `CustomerApi/Controllers/CustomersController.cs` - Added search and email query parameters
4. `CustomerApi.Tests/Controllers/CustomersControllerTests.cs` - Added 9 comprehensive filtering tests

### Quality Assurance:
- All **112 tests passing** (added 9 new filtering tests)
- **100% coverage** on CustomerRepository, Customer model, and all DTOs
- Code builds successfully
- All acceptance criteria met

The implementation is complete, tested, committed, and documented. The next iteration can pick up **US-008: Add sorting to customers list**.
[2026-01-15 14:44:06] Iteration 1 complete. Continuing...
[2026-01-15 14:44:08] Ralph reached max iterations (1) without completing all tasks.
[2026-01-15 14:44:08] Check C:\Users\batty\code\github\battyejp\ralph-app\progress.txt for status.
[2026-01-15 14:44:08] Check C:\Users\batty\code\github\battyejp\ralph-app\logs\ralph-2026-01-15-143841.log for full log.
