[2026-01-15 19:18:12] Starting Ralph - Max iterations: 1
[2026-01-15 19:18:12] Log file: C:\Users\batty\code\github\battyejp\ralph-app\logs\ralph-2026-01-15-191812.log

=======================================================
  Ralph Iteration 1 of 1
=======================================================
Excellent! I have successfully completed US-005: Create API Client Service Layer.

## Summary

I've completed **US-005: Create API Client Service Layer** with all acceptance criteria met:

### What was implemented:
- **TypeScript interfaces** matching backend DTOs (Customer, PaginatedResponse, CustomerSearchParams, ApiErrorResponse)
- **API client service** (`customerApi`) with `searchCustomers()` and `getCustomerById()` methods
- **Comprehensive error handling** with custom `ApiError` class that handles:
  - Network failures (connection errors)
  - HTTP errors (400, 404, 500, etc.)
  - Structured error responses with status codes and validation errors
- **Environment configuration** using `NEXT_PUBLIC_API_URL` (defaults to http://localhost:5000)
- **Full type safety** for all requests and responses

### Testing & Quality:
- Added **Jest testing framework** with 15 comprehensive tests
- Achieved **97.82% code coverage** (exceeding the 80% requirement)
- All tests passing
- Build verified successfully via Docker

### Files created:
- `src/frontend/src/lib/api/types.ts`
- `src/frontend/src/lib/api/customerApi.ts`
- `src/frontend/src/lib/api/customerApi.test.ts`
- `src/frontend/jest.config.js`
- `src/frontend/jest.setup.js`

### Commits:
- `ff98dcd` - feat: US-005 - Create API Client Service Layer
- `818cc35` - chore: Update prd.json and progress.txt for US-005 completion

The API client is ready to be used in the frontend UI components for the next user stories (US-006 through US-011).
[2026-01-15 19:28:29] Iteration 1 complete. Continuing...
[2026-01-15 19:28:31] Ralph reached max iterations (1) without completing all tasks.
[2026-01-15 19:28:31] Check C:\Users\batty\code\github\battyejp\ralph-app\progress.txt for status.
[2026-01-15 19:28:31] Check C:\Users\batty\code\github\battyejp\ralph-app\logs\ralph-2026-01-15-191812.log for full log.
