[2026-01-15 15:07:03] Starting Ralph - Max iterations: 1
[2026-01-15 15:07:03] Log file: C:\Users\batty\code\github\battyejp\ralph-app\logs\ralph-2026-01-15-150703.log

=======================================================
  Ralph Iteration 1 of 1
=======================================================
Perfect! All 139 tests are passing. 

## Summary

I have successfully completed **US-011: Configure Swagger API documentation**. Here's what was implemented:

### Implementation Details:
1. **Added Swashbuckle.AspNetCore 6.8.1** - Selected this version for compatibility with .NET 10 (version 10.x had namespace issues with Microsoft.OpenApi 2.3.0)

2. **Enabled XML Documentation**:
   - Added `GenerateDocumentationFile=true` to CustomerApi.csproj
   - Suppressed CS1591 warnings with `NoWarn` setting

3. **Configured Swagger/OpenAPI**:
   - Added Swagger configuration in Program.cs with API title, version, and description
   - Configured Swagger UI to be accessible at `/swagger` endpoint in development
   - Set up XML comments file inclusion

4. **Added XML Documentation Comments**:
   - All controller endpoints now have comprehensive XML documentation
   - All DTOs have XML documentation for classes and properties
   - Used `<summary>` tags for descriptions and `<param>` tags for parameters

### Acceptance Criteria Met:
-  Swagger/OpenAPI is configured and accessible at /swagger in development
-  All endpoints are documented with descriptions and response types
-  Request/response models are documented with XML comments
-  Swagger UI allows testing endpoints directly
-  Code builds successfully
-  All 139 tests passing with no regressions

### All User Stories Complete:
All 11 user stories (US-001 through US-011) in the PRD now have `passes: true`.

<promise>COMPLETE</promise>
[2026-01-15 15:18:15] Ralph completed all tasks!
[2026-01-15 15:18:15] Completed at iteration 1 of 1
