[2026-01-15 19:51:36] Starting Ralph - Max iterations: 1
[2026-01-15 19:51:36] Log file: C:\Users\batty\code\github\battyejp\ralph-app\logs\ralph-2026-01-15-195136.log

=======================================================
  Ralph Iteration 1 of 1
=======================================================
Excellent! US-007 has been successfully completed and committed. All acceptance criteria have been met with high-quality implementation:

## US-007 Completion Summary

‘£‡ **Implementation Complete:**
- CustomerResultsTable component with all states (loading, empty, error, success)
- shadcn/ui Table component
- Responsive design (desktop table + mobile cards)
- 72 tests passing with 97.05% coverage
- Build successful
- Browser verified

‘£‡ **Commits:**
- `15278bf` - feat: US-007 - Display Search Results Table
- `2d81701` - chore: Update prd.json and progress.txt for US-007 completion

## Current Status

**Completed Stories (1-7):** US-001 through US-007 ‘£‡

**Remaining Stories:**
- **US-008:** Implement Pagination Controls (priority 8) ‘Â… **NEXT**
- **US-009:** Add Column Sorting (priority 9)
- **US-010:** Customer Details View (priority 10)
- **US-011:** Error Handling and User Feedback (priority 11)

The Ralph agent loop will continue with the next iteration to implement US-008: Implement Pagination Controls, which will add pagination functionality to the search results table.
[2026-01-15 20:02:32] Iteration 1 complete. Continuing...
[2026-01-15 20:02:34] Ralph reached max iterations (1) without completing all tasks.
[2026-01-15 20:02:34] Check C:\Users\batty\code\github\battyejp\ralph-app\progress.txt for status.
[2026-01-15 20:02:34] Check C:\Users\batty\code\github\battyejp\ralph-app\logs\ralph-2026-01-15-195136.log for full log.
