[2026-01-16 11:56:07] Starting Ralph - Max iterations: 6
[2026-01-16 11:56:07] Log file: D:\code\Github\battyejp\ralph-app\logs\ralph-2026-01-16-115607.log

=======================================================
  Ralph Iteration 1 of 6
=======================================================
I've completed US-001. There are still stories with `passes: false` (US-002 through US-006), so the next iteration will pick up US-002.

**Summary of completed work for US-001:**
- Added `EmailExistsAsync(string email)` method to `ICustomerRepository` interface
- Implemented `EmailExistsAsync` in `CustomerRepository` that checks for existing email excluding soft-deleted records
- Updated `CreateCustomer` endpoint to check for duplicate email before creation and return 409 Conflict with appropriate message
- Added comprehensive unit tests for the duplicate email scenario (4 new controller tests, 4 new repository tests)
- All 147 backend tests pass
- Build succeeds
[2026-01-16 12:05:13] Iteration 1 complete. Continuing...

=======================================================
  Ralph Iteration 2 of 6
=======================================================
I have completed US-002. There are still 4 more stories with `passes: false`:
- US-003: Create CustomerForm component with validation
- US-004: Add toast notifications to CustomerForm
- US-005: Add Create Customer button and modal to search page
- US-006: Create dedicated customer creation page

Since I've completed one user story for this iteration as instructed by the Ralph agent pattern ("Work on ONE story per iteration"), I'll end my response here. Another iteration will pick up US-003.

## Summary

I successfully completed **US-002: Add createCustomer method to frontend API client**.

**Changes made:**
1. Added `CreateCustomerData` type to `src/frontend/src/lib/api/types.ts`
2. Added `postWithErrorHandling` private method to handle POST requests with retries
3. Added `createCustomer(data: CreateCustomerData)` method to `CustomerApiClient` class  
4. Added 409 handling to `getUserFriendlyErrorMessage`
5. Added 15 comprehensive unit tests covering success, validation errors, duplicate email (409), network errors, and retry behavior

**Coverage for customerApi.ts:**
- Statements: 94.28%
- Lines: 95.09%
- Branches: 85.71%
- Functions: 100%
[2026-01-16 12:14:30] Iteration 2 complete. Continuing...

=======================================================
  Ralph Iteration 3 of 6
=======================================================
You've hit your limit ┬À resets 1pm (Europe/London)
[2026-01-16 12:19:44] Iteration 3 complete. Continuing...

=======================================================
  Ralph Iteration 4 of 6
=======================================================
You've hit your limit ┬À resets 1pm (Europe/London)
[2026-01-16 12:19:50] Iteration 4 complete. Continuing...

=======================================================
  Ralph Iteration 5 of 6
=======================================================
You've hit your limit ┬À resets 1pm (Europe/London)
[2026-01-16 12:19:56] Iteration 5 complete. Continuing...

=======================================================
  Ralph Iteration 6 of 6
=======================================================
You've hit your limit ┬À resets 1pm (Europe/London)
[2026-01-16 12:20:02] Iteration 6 complete. Continuing...
[2026-01-16 12:20:04] Ralph reached max iterations (6) without completing all tasks.
[2026-01-16 12:20:04] Check D:\code\Github\battyejp\ralph-app\progress.txt for status.
[2026-01-16 12:20:05] Check D:\code\Github\battyejp\ralph-app\logs\ralph-2026-01-16-115607.log for full log.
