[2026-01-15 14:28:04] Starting Ralph - Max iterations: 1
[2026-01-15 14:28:04] Log file: C:\Users\batty\code\github\battyejp\ralph-app\logs\ralph-2026-01-15-142804.log

=======================================================
  Ralph Iteration 1 of 1
=======================================================
Perfect! I have successfully completed US-006. Let me now check the PRD to see if there are remaining stories with `passes: false`.

Looking at the PRD from earlier:
- US-001 through US-006: passes = true 
- US-007: passes = false (Add filtering and search to customers list)
- US-008: passes = false (Add sorting to customers list)
- US-009: passes = false (Implement PUT update customer endpoint)
- US-010: passes = false (Implement DELETE customer endpoint)
- US-011: passes = false (Configure Swagger API documentation)

Since there are still stories with `passes: false`, the work is not complete. Another iteration will pick up the next story (US-007).

## Summary

I successfully completed **US-006: Implement GET customers list with pagination**.

### What was implemented:
- Created `PaginatedResponseDto<T>` generic DTO for reusable pagination responses
- Implemented `GET /api/customers` endpoint with pagination support
- Query parameters: `page` (default 1), `pageSize` (default 10, max 100)
- Response includes: items, totalCount, page, pageSize, totalPages
- Parameter validation normalizes invalid values
- Returns empty items array when no customers exist (not 404)
- 11 comprehensive unit tests covering all scenarios

### Files changed:
- `CustomerApi/DTOs/PaginatedResponseDto.cs` (new)
- `CustomerApi/Controllers/CustomersController.cs` (CustomerApi/Controllers/CustomersController.cs:28)
- `CustomerApi.Tests/Controllers/CustomersControllerTests.cs` (CustomerApi.Tests/Controllers/CustomersControllerTests.cs:462)

### Test results:
- All 104 tests passing
- 100% line and branch coverage on CustomersController
- Code builds successfully

The implementation is complete, committed, and ready for the next iteration to pick up US-007.
[2026-01-15 14:32:25] Iteration 1 complete. Continuing...
[2026-01-15 14:32:27] Ralph reached max iterations (1) without completing all tasks.
[2026-01-15 14:32:27] Check C:\Users\batty\code\github\battyejp\ralph-app\progress.txt for status.
[2026-01-15 14:32:27] Check C:\Users\batty\code\github\battyejp\ralph-app\logs\ralph-2026-01-15-142804.log for full log.
